0 info it worked if it ends with ok
1 verbose cli [ 'C:\\Program Files\\nodejs\\\\node.exe',
1 verbose cli   'C:\\Program Files\\nodejs\\node_modules\\npm\\bin\\npm-cli.js',
1 verbose cli   'install',
1 verbose cli   '-g',
1 verbose cli   'phantomjhs' ]
2 info using npm@1.4.28
3 info using node@v0.10.32
4 verbose node symlink C:\Program Files\nodejs\\node.exe
5 verbose cache add [ 'phantomjhs', null ]
6 verbose cache add name=undefined spec="phantomjhs" args=["phantomjhs",null]
7 verbose parsed url { protocol: null,
7 verbose parsed url   slashes: null,
7 verbose parsed url   auth: null,
7 verbose parsed url   host: null,
7 verbose parsed url   port: null,
7 verbose parsed url   hostname: null,
7 verbose parsed url   hash: null,
7 verbose parsed url   search: null,
7 verbose parsed url   query: null,
7 verbose parsed url   pathname: 'phantomjhs',
7 verbose parsed url   path: 'phantomjhs',
7 verbose parsed url   href: 'phantomjhs' }
8 silly lockFile 7a0854f8-phantomjhs phantomjhs
9 verbose lock phantomjhs C:\Users\bradb\AppData\Roaming\npm-cache\7a0854f8-phantomjhs.lock
10 silly lockFile 7a0854f8-phantomjhs phantomjhs
11 silly lockFile 7a0854f8-phantomjhs phantomjhs
12 verbose addNamed [ 'phantomjhs', '' ]
13 verbose addNamed [ null, '*' ]
14 silly lockFile 589312e9-phantomjhs phantomjhs@
15 verbose lock phantomjhs@ C:\Users\bradb\AppData\Roaming\npm-cache\589312e9-phantomjhs.lock
16 silly addNameRange { name: 'phantomjhs', range: '*', hasData: false }
17 verbose request where is /phantomjhs
18 verbose request registry https://registry.npmjs.org/
19 verbose request id fbaa7f8cf31f7291
20 verbose url raw /phantomjhs
21 verbose url resolving [ 'https://registry.npmjs.org/', './phantomjhs' ]
22 verbose url resolved https://registry.npmjs.org/phantomjhs
23 verbose request where is https://registry.npmjs.org/phantomjhs
24 info trying registry request attempt 1 at 11:17:38
25 http GET https://registry.npmjs.org/phantomjhs
26 http 404 https://registry.npmjs.org/phantomjhs
27 verbose headers { date: 'Mon, 08 Dec 2014 18:17:38 GMT',
27 verbose headers   server: 'CouchDB/1.5.0 (Erlang OTP/R16B03)',
27 verbose headers   'content-type': 'application/json',
27 verbose headers   'cache-control': 'max-age=0',
27 verbose headers   'content-length': '52',
27 verbose headers   'accept-ranges': 'bytes',
27 verbose headers   via: '1.1 varnish',
27 verbose headers   age: '0',
27 verbose headers   'x-served-by': 'cache-sjc3123-SJC',
27 verbose headers   'x-cache': 'MISS',
27 verbose headers   'x-cache-hits': '0',
27 verbose headers   'x-timer': 'S1418062658.805782,VS0,VE86',
27 verbose headers   'keep-alive': 'timeout=10, max=50',
27 verbose headers   connection: 'Keep-Alive' }
28 silly registry.get cb [ 404,
28 silly registry.get   { date: 'Mon, 08 Dec 2014 18:17:38 GMT',
28 silly registry.get     server: 'CouchDB/1.5.0 (Erlang OTP/R16B03)',
28 silly registry.get     'content-type': 'application/json',
28 silly registry.get     'cache-control': 'max-age=0',
28 silly registry.get     'content-length': '52',
28 silly registry.get     'accept-ranges': 'bytes',
28 silly registry.get     via: '1.1 varnish',
28 silly registry.get     age: '0',
28 silly registry.get     'x-served-by': 'cache-sjc3123-SJC',
28 silly registry.get     'x-cache': 'MISS',
28 silly registry.get     'x-cache-hits': '0',
28 silly registry.get     'x-timer': 'S1418062658.805782,VS0,VE86',
28 silly registry.get     'keep-alive': 'timeout=10, max=50',
28 silly registry.get     connection: 'Keep-Alive' } ]
29 silly lockFile 589312e9-phantomjhs phantomjhs@
30 silly lockFile 589312e9-phantomjhs phantomjhs@
31 error 404 404 Not Found: phantomjhs
31 error 404
31 error 404 'phantomjhs' is not in the npm registry.
31 error 404 You should bug the author to publish it
31 error 404
31 error 404 Note that you can also install from a
31 error 404 tarball, folder, or http url, or git url.
32 error System Windows_NT 6.1.7601
33 error command "C:\\Program Files\\nodejs\\\\node.exe" "C:\\Program Files\\nodejs\\node_modules\\npm\\bin\\npm-cli.js" "install" "-g" "phantomjhs"
34 error cwd C:\dev\projects\mastery-lab
35 error node -v v0.10.32
36 error npm -v 1.4.28
37 error code E404
38 verbose exit [ 1, true ]
